<?xml version="1.0" encoding="UTF-8"?>
<testsuite name="com.vir.vir_android.ExampleUnitTest" tests="1" skipped="0" failures="0" errors="0" timestamp="2017-10-02T23:58:48" hostname="alfredo-mac.local" time="0.001">
  <properties/>
  <testcase name="addition_isCorrect" classname="com.vir.vir_android.ExampleUnitTest" time="0.001"/>
  <system-out><![CDATA[]]></system-out>
  <system-err><![CDATA[]]></system-err>
</testsuite>
